#
# There is insufficient memory for the Java Runtime Environment to continue.
# Native memory allocation (malloc) failed to allocate 1032976 bytes for Chunk::new
# Possible reasons:
#   The system is out of physical RAM or swap space
#   The process is running with CompressedOops enabled, and the Java Heap may be blocking the growth of the native heap
# Possible solutions:
#   Reduce memory load on the system
#   Increase physical memory or swap space
#   Check if swap backing store is full
#   Decrease Java heap size (-Xmx/-Xms)
#   Decrease number of Java threads
#   Decrease Java thread stack sizes (-Xss)
#   Set larger code cache with -XX:ReservedCodeCacheSize=
#   JVM is running with Unscaled Compressed Oops mode in which the Java heap is
#     placed in the first 4GB address space. The Java Heap base address is the
#     maximum limit for the native heap growth. Please use -XX:HeapBaseMinAddress
#     to set the Java Heap base and to place the Java Heap above 4GB virtual address.
# This output file may be truncated or incomplete.
#
#  Out of Memory Error (./src/hotspot/share/memory/arena.cpp:197), pid=1872, tid=13580
#
# JRE version: OpenJDK Runtime Environment (11.0.11+9) (build 11.0.11+9-b60-7590822)
# Java VM: OpenJDK 64-Bit Server VM (11.0.11+9-b60-7590822, mixed mode, tiered, compressed oops, g1 gc, windows-amd64)
# No core dump will be written. Minidumps are not enabled by default on client versions of Windows
#

---------------  S U M M A R Y ------------

Command Line: --add-opens=java.base/java.util=ALL-UNNAMED --add-opens=java.base/java.lang=ALL-UNNAMED --add-opens=java.base/java.lang.invoke=ALL-UNNAMED --add-opens=java.base/java.util=ALL-UNNAMED --add-opens=java.prefs/java.util.prefs=ALL-UNNAMED --add-opens=java.prefs/java.util.prefs=ALL-UNNAMED --add-opens=java.base/java.nio.charset=ALL-UNNAMED --add-opens=java.base/java.net=ALL-UNNAMED --add-opens=java.base/java.util.concurrent.atomic=ALL-UNNAMED -Xmx2048m -Dfile.encoding=UTF-8 -Duser.country=DE -Duser.language=de -Duser.variant org.gradle.launcher.daemon.bootstrap.GradleDaemon 7.2

Host: Intel(R) Core(TM) i5-6300U CPU @ 2.40GHz, 4 cores, 7G,  Windows 10 , 64 bit Build 19041 (10.0.19041.1645)
Time: Sun Apr 24 18:49:36 2022 Mitteleuropäische Sommerzeit elapsed time: 19.498263 seconds (0d 0h 0m 19s)

---------------  T H R E A D  ---------------

Current thread (0x000002297c9df000):  JavaThread "C2 CompilerThread0" daemon [_thread_in_native, id=13580, stack(0x000000ea2e600000,0x000000ea2e700000)]


Current CompileTask:
C2:  19498 5542       4       org.objectweb.asm.Frame::execute (2318 bytes)

Stack: [0x000000ea2e600000,0x000000ea2e700000]
Native frames: (J=compiled Java code, j=interpreted, Vv=VM code, C=native code)
V  [jvm.dll+0x5f214a]
V  [jvm.dll+0x726fb5]
V  [jvm.dll+0x7285cd]
V  [jvm.dll+0x728c83]
V  [jvm.dll+0x243278]
V  [jvm.dll+0xbc53c]
V  [jvm.dll+0xbca3c]
V  [jvm.dll+0x2b5c34]
V  [jvm.dll+0x508488]
V  [jvm.dll+0x203d53]
V  [jvm.dll+0x1fdbac]
V  [jvm.dll+0x1fb35f]
V  [jvm.dll+0x183d6c]
V  [jvm.dll+0x209a57]
V  [jvm.dll+0x2082a1]
V  [jvm.dll+0x6ef58f]
V  [jvm.dll+0x6e80b5]
V  [jvm.dll+0x5f1036]
C  [ucrtbase.dll+0x21bb2]
C  [KERNEL32.DLL+0x17034]
C  [ntdll.dll+0x52651]


---------------  P R O C E S S  ---------------

Threads class SMR info:
_java_thread_list=0x0000022901759590, length=78, elements={
0x0000022962dd7000, 0x000002297c9b4000, 0x000002297c9b7000, 0x000002297c9ce800,
0x000002297c9cf000, 0x000002297c9d3000, 0x000002297c9df000, 0x000002297c9e9000,
0x000002297c9ea000, 0x000002297d4be000, 0x0000022900813000, 0x000002290062f800,
0x000002297d655800, 0x0000022900f04800, 0x0000022900746000, 0x000002290012d000,
0x000002290115e800, 0x000002297d78e000, 0x000002297eaaf000, 0x00000229001f2000,
0x00000229001f5800, 0x00000229001f3000, 0x00000229001f6000, 0x00000229001f3800,
0x00000229001f4800, 0x00000229001f7000, 0x00000229001f1800, 0x00000229001f8000,
0x0000022901970800, 0x0000022901975800, 0x0000022901972000, 0x0000022901974000,
0x0000022901976000, 0x0000022901977000, 0x0000022901971800, 0x0000022901978000,
0x0000022901978800, 0x0000022901973000, 0x000002290197b000, 0x0000022901979800,
0x000002290197c800, 0x000002290197a800, 0x000002290197c000, 0x000002290197d800,
0x000002290197e800, 0x000002297df8b800, 0x000002297df8d000, 0x000002297df8c800,
0x000002297df88800, 0x000002297df8e000, 0x000002297df8f000, 0x000002297df89000,
0x000002297df8a000, 0x000002297df8b000, 0x000002297df94000, 0x000002297df94800,
0x000002297df92000, 0x000002297df95800, 0x000002297df93000, 0x000002297df8f800,
0x000002297df96000, 0x000002297df90800, 0x000002297df97000, 0x000002297df91800,
0x00000229006d1000, 0x00000229006cb800, 0x00000229006d2000, 0x00000229006cf800,
0x00000229006cc000, 0x00000229006ce000, 0x00000229006d2800, 0x00000229006d0000,
0x00000229006cd000, 0x00000229006d3800, 0x00000229006d4800, 0x00000229006ce800,
0x00000229006d6000, 0x0000022900e62000
}

Java Threads: ( => current thread )
  0x0000022962dd7000 JavaThread "main" [_thread_blocked, id=3672, stack(0x000000ea2da00000,0x000000ea2db00000)]
  0x000002297c9b4000 JavaThread "Reference Handler" daemon [_thread_blocked, id=18564, stack(0x000000ea2e100000,0x000000ea2e200000)]
  0x000002297c9b7000 JavaThread "Finalizer" daemon [_thread_blocked, id=7188, stack(0x000000ea2e200000,0x000000ea2e300000)]
  0x000002297c9ce800 JavaThread "Signal Dispatcher" daemon [_thread_blocked, id=10804, stack(0x000000ea2e300000,0x000000ea2e400000)]
  0x000002297c9cf000 JavaThread "Attach Listener" daemon [_thread_blocked, id=18424, stack(0x000000ea2e400000,0x000000ea2e500000)]
  0x000002297c9d3000 JavaThread "Service Thread" daemon [_thread_blocked, id=6332, stack(0x000000ea2e500000,0x000000ea2e600000)]
=>0x000002297c9df000 JavaThread "C2 CompilerThread0" daemon [_thread_in_native, id=13580, stack(0x000000ea2e600000,0x000000ea2e700000)]
  0x000002297c9e9000 JavaThread "C1 CompilerThread0" daemon [_thread_in_native, id=16672, stack(0x000000ea2e700000,0x000000ea2e800000)]
  0x000002297c9ea000 JavaThread "Sweeper thread" daemon [_thread_blocked, id=9616, stack(0x000000ea2e800000,0x000000ea2e900000)]
  0x000002297d4be000 JavaThread "Common-Cleaner" daemon [_thread_blocked, id=9756, stack(0x000000ea2e900000,0x000000ea2ea00000)]
  0x0000022900813000 JavaThread "Daemon health stats" [_thread_blocked, id=11496, stack(0x000000ea2ee00000,0x000000ea2ef00000)]
  0x000002290062f800 JavaThread "Incoming local TCP Connector on port 57762" [_thread_in_native, id=14348, stack(0x000000ea2eb00000,0x000000ea2ec00000)]
  0x000002297d655800 JavaThread "Daemon periodic checks" [_thread_blocked, id=11132, stack(0x000000ea2ef00000,0x000000ea2f000000)]
  0x0000022900f04800 JavaThread "Daemon" [_thread_blocked, id=14136, stack(0x000000ea2f000000,0x000000ea2f100000)]
  0x0000022900746000 JavaThread "Handler for socket connection from /127.0.0.1:57762 to /127.0.0.1:57763" [_thread_in_native, id=15708, stack(0x000000ea2f100000,0x000000ea2f200000)]
  0x000002290012d000 JavaThread "Cancel handler" [_thread_blocked, id=9708, stack(0x000000ea2f200000,0x000000ea2f300000)]
  0x000002290115e800 JavaThread "Daemon worker" [_thread_in_vm, id=7436, stack(0x000000ea2f300000,0x000000ea2f400000)]
  0x000002297d78e000 JavaThread "Asynchronous log dispatcher for DefaultDaemonConnection: socket connection from /127.0.0.1:57762 to /127.0.0.1:57763" [_thread_blocked, id=18812, stack(0x000000ea2f500000,0x000000ea2f600000)]
  0x000002297eaaf000 JavaThread "Stdin handler" [_thread_blocked, id=16824, stack(0x000000ea2f600000,0x000000ea2f700000)]
  0x00000229001f2000 JavaThread "Daemon client event forwarder" [_thread_blocked, id=10872, stack(0x000000ea2f700000,0x000000ea2f800000)]
  0x00000229001f5800 JavaThread "Cache worker for journal cache (C:\Users\Mein Notebook\.gradle\caches\journal-1)" [_thread_blocked, id=14916, stack(0x000000ea2f800000,0x000000ea2f900000)]
  0x00000229001f3000 JavaThread "File lock request listener" [_thread_in_native, id=20240, stack(0x000000ea2f900000,0x000000ea2fa00000)]
  0x00000229001f6000 JavaThread "Cache worker for file hash cache (C:\Users\Mein Notebook\.gradle\caches\7.2\fileHashes)" [_thread_blocked, id=16724, stack(0x000000ea2fa00000,0x000000ea2fb00000)]
  0x00000229001f3800 JavaThread "Cache worker for file hash cache (D:\Studium\Sowtwarepraktikum\MyApplication\.gradle\7.2\fileHashes)" [_thread_blocked, id=15668, stack(0x000000ea2fc00000,0x000000ea2fd00000)]
  0x00000229001f4800 JavaThread "File watcher server" daemon [_thread_in_native, id=15672, stack(0x000000ea2fd00000,0x000000ea2fe00000)]
  0x00000229001f7000 JavaThread "File watcher consumer" daemon [_thread_blocked, id=12952, stack(0x000000ea2fe00000,0x000000ea2ff00000)]
  0x00000229001f1800 JavaThread "Cache worker for checksums cache (D:\Studium\Sowtwarepraktikum\MyApplication\.gradle\checksums)" [_thread_blocked, id=14332, stack(0x000000ea2ff00000,0x000000ea30000000)]
  0x00000229001f8000 JavaThread "Cache worker for cache directory md-supplier (C:\Users\Mein Notebook\.gradle\caches\7.2\md-supplier)" [_thread_blocked, id=17968, stack(0x000000ea30000000,0x000000ea30100000)]
  0x0000022901970800 JavaThread "Cache worker for cache directory md-rule (C:\Users\Mein Notebook\.gradle\caches\7.2\md-rule)" [_thread_blocked, id=18500, stack(0x000000ea30100000,0x000000ea30200000)]
  0x0000022901975800 JavaThread "Cache worker for execution history cache (C:\Users\Mein Notebook\.gradle\caches\7.2\executionHistory)" [_thread_blocked, id=15216, stack(0x000000ea30200000,0x000000ea30300000)]
  0x0000022901972000 JavaThread "jar transforms" [_thread_blocked, id=18664, stack(0x000000ea2fb00000,0x000000ea2fc00000)]
  0x0000022901974000 JavaThread "Cache worker for file content cache (C:\Users\Mein Notebook\.gradle\caches\7.2\fileContent)" [_thread_blocked, id=9236, stack(0x000000ea30400000,0x000000ea30500000)]
  0x0000022901976000 JavaThread "jar transforms Thread 2" [_thread_blocked, id=7112, stack(0x000000ea30500000,0x000000ea30600000)]
  0x0000022901977000 JavaThread "Cache worker for dependencies-accessors (D:\Studium\Sowtwarepraktikum\MyApplication\.gradle\7.2\dependencies-accessors)" [_thread_blocked, id=12588, stack(0x000000ea30600000,0x000000ea30700000)]
  0x0000022901971800 JavaThread "jar transforms Thread 3" [_thread_blocked, id=11320, stack(0x000000ea30300000,0x000000ea30400000)]
  0x0000022901978000 JavaThread "Cache worker for Build Output Cleanup Cache (D:\Studium\Sowtwarepraktikum\MyApplication\.gradle\buildOutputCleanup)" [_thread_blocked, id=17636, stack(0x000000ea30700000,0x000000ea30800000)]
  0x0000022901978800 JavaThread "Unconstrained build operations" [_thread_blocked, id=11896, stack(0x000000ea30800000,0x000000ea30900000)]
  0x0000022901973000 JavaThread "Unconstrained build operations Thread 2" [_thread_blocked, id=18132, stack(0x000000ea30900000,0x000000ea30a00000)]
  0x000002290197b000 JavaThread "Unconstrained build operations Thread 3" [_thread_blocked, id=16308, stack(0x000000ea30a00000,0x000000ea30b00000)]
  0x0000022901979800 JavaThread "Unconstrained build operations Thread 4" [_thread_blocked, id=19172, stack(0x000000ea30b00000,0x000000ea30c00000)]
  0x000002290197c800 JavaThread "Unconstrained build operations Thread 5" [_thread_blocked, id=13684, stack(0x000000ea30c00000,0x000000ea30d00000)]
  0x000002290197a800 JavaThread "Unconstrained build operations Thread 6" [_thread_blocked, id=2860, stack(0x000000ea30d00000,0x000000ea30e00000)]
  0x000002290197c000 JavaThread "Unconstrained build operations Thread 7" [_thread_blocked, id=12672, stack(0x000000ea30e00000,0x000000ea30f00000)]
  0x000002290197d800 JavaThread "Unconstrained build operations Thread 8" [_thread_blocked, id=20204, stack(0x000000ea30f00000,0x000000ea31000000)]
  0x000002290197e800 JavaThread "Unconstrained build operations Thread 9" [_thread_blocked, id=19004, stack(0x000000ea31000000,0x000000ea31100000)]
  0x000002297df8b800 JavaThread "Unconstrained build operations Thread 10" [_thread_blocked, id=2036, stack(0x000000ea31100000,0x000000ea31200000)]
  0x000002297df8d000 JavaThread "Unconstrained build operations Thread 11" [_thread_blocked, id=16172, stack(0x000000ea31200000,0x000000ea31300000)]
  0x000002297df8c800 JavaThread "Unconstrained build operations Thread 12" [_thread_blocked, id=15012, stack(0x000000ea31300000,0x000000ea31400000)]
  0x000002297df88800 JavaThread "Unconstrained build operations Thread 13" [_thread_blocked, id=19760, stack(0x000000ea31400000,0x000000ea31500000)]
  0x000002297df8e000 JavaThread "Unconstrained build operations Thread 14" [_thread_blocked, id=10108, stack(0x000000ea31500000,0x000000ea31600000)]
  0x000002297df8f000 JavaThread "Unconstrained build operations Thread 15" [_thread_blocked, id=17940, stack(0x000000ea31600000,0x000000ea31700000)]
  0x000002297df89000 JavaThread "Unconstrained build operations Thread 16" [_thread_blocked, id=16480, stack(0x000000ea31700000,0x000000ea31800000)]
  0x000002297df8a000 JavaThread "Unconstrained build operations Thread 17" [_thread_blocked, id=8888, stack(0x000000ea31800000,0x000000ea31900000)]
  0x000002297df8b000 JavaThread "Unconstrained build operations Thread 18" [_thread_blocked, id=13336, stack(0x000000ea31900000,0x000000ea31a00000)]
  0x000002297df94000 JavaThread "Unconstrained build operations Thread 19" [_thread_blocked, id=4628, stack(0x000000ea31a00000,0x000000ea31b00000)]
  0x000002297df94800 JavaThread "Unconstrained build operations Thread 20" [_thread_blocked, id=7376, stack(0x000000ea31b00000,0x000000ea31c00000)]
  0x000002297df92000 JavaThread "Unconstrained build operations Thread 21" [_thread_blocked, id=9804, stack(0x000000ea31c00000,0x000000ea31d00000)]
  0x000002297df95800 JavaThread "Unconstrained build operations Thread 22" [_thread_blocked, id=972, stack(0x000000ea31d00000,0x000000ea31e00000)]
  0x000002297df93000 JavaThread "Unconstrained build operations Thread 23" [_thread_blocked, id=13080, stack(0x000000ea31e00000,0x000000ea31f00000)]
  0x000002297df8f800 JavaThread "Unconstrained build operations Thread 24" [_thread_blocked, id=5052, stack(0x000000ea31f00000,0x000000ea32000000)]
  0x000002297df96000 JavaThread "Unconstrained build operations Thread 25" [_thread_blocked, id=7204, stack(0x000000ea32000000,0x000000ea32100000)]
  0x000002297df90800 JavaThread "Unconstrained build operations Thread 26" [_thread_blocked, id=11632, stack(0x000000ea32100000,0x000000ea32200000)]
  0x000002297df97000 JavaThread "Unconstrained build operations Thread 27" [_thread_blocked, id=14264, stack(0x000000ea32200000,0x000000ea32300000)]
  0x000002297df91800 JavaThread "Unconstrained build operations Thread 28" [_thread_blocked, id=15748, stack(0x000000ea32300000,0x000000ea32400000)]
  0x00000229006d1000 JavaThread "Unconstrained build operations Thread 29" [_thread_blocked, id=19312, stack(0x000000ea32400000,0x000000ea32500000)]
  0x00000229006cb800 JavaThread "Unconstrained build operations Thread 30" [_thread_blocked, id=20072, stack(0x000000ea32500000,0x000000ea32600000)]
  0x00000229006d2000 JavaThread "Unconstrained build operations Thread 31" [_thread_blocked, id=16696, stack(0x000000ea32600000,0x000000ea32700000)]
  0x00000229006cf800 JavaThread "Unconstrained build operations Thread 32" [_thread_blocked, id=5868, stack(0x000000ea32700000,0x000000ea32800000)]
  0x00000229006cc000 JavaThread "Unconstrained build operations Thread 33" [_thread_blocked, id=16232, stack(0x000000ea32800000,0x000000ea32900000)]
  0x00000229006ce000 JavaThread "Unconstrained build operations Thread 34" [_thread_blocked, id=9360, stack(0x000000ea32900000,0x000000ea32a00000)]
  0x00000229006d2800 JavaThread "Unconstrained build operations Thread 35" [_thread_blocked, id=10008, stack(0x000000ea32a00000,0x000000ea32b00000)]
  0x00000229006d0000 JavaThread "Unconstrained build operations Thread 36" [_thread_blocked, id=7884, stack(0x000000ea32b00000,0x000000ea32c00000)]
  0x00000229006cd000 JavaThread "Unconstrained build operations Thread 37" [_thread_blocked, id=8636, stack(0x000000ea32c00000,0x000000ea32d00000)]
  0x00000229006d3800 JavaThread "Unconstrained build operations Thread 38" [_thread_blocked, id=1596, stack(0x000000ea32d00000,0x000000ea32e00000)]
  0x00000229006d4800 JavaThread "Unconstrained build operations Thread 39" [_thread_blocked, id=12428, stack(0x000000ea32e00000,0x000000ea32f00000)]
  0x00000229006ce800 JavaThread "Unconstrained build operations Thread 40" [_thread_blocked, id=17832, stack(0x000000ea32f00000,0x000000ea33000000)]
  0x00000229006d6000 JavaThread "jar transforms Thread 4" [_thread_blocked, id=13328, stack(0x000000ea33000000,0x000000ea33100000)]
  0x0000022900e62000 JavaThread "C2 CompilerThread1" daemon [_thread_in_native, id=11760, stack(0x000000ea33100000,0x000000ea33200000)]

Other Threads:
  0x000002297c9b2000 VMThread "VM Thread" [stack: 0x000000ea2e000000,0x000000ea2e100000] [id=15584]
  0x000002297d4e4800 WatcherThread [stack: 0x000000ea2ea00000,0x000000ea2eb00000] [id=7548]
  0x0000022962de9800 GCTaskThread "GC Thread#0" [stack: 0x000000ea2db00000,0x000000ea2dc00000] [id=13688]
  0x000002297df26800 GCTaskThread "GC Thread#1" [stack: 0x000000ea2ec00000,0x000000ea2ed00000] [id=6720]
  0x000002297df27800 GCTaskThread "GC Thread#2" [stack: 0x000000ea2ed00000,0x000000ea2ee00000] [id=13068]
  0x0000022900c29800 GCTaskThread "GC Thread#3" [stack: 0x000000ea2f400000,0x000000ea2f500000] [id=10260]
  0x0000022962e19000 ConcurrentGCThread "G1 Main Marker" [stack: 0x000000ea2dc00000,0x000000ea2dd00000] [id=20440]
  0x0000022962e1b000 ConcurrentGCThread "G1 Conc#0" [stack: 0x000000ea2dd00000,0x000000ea2de00000] [id=19524]
  0x0000022962ead800 ConcurrentGCThread "G1 Refine#0" [stack: 0x000000ea2de00000,0x000000ea2df00000] [id=18968]
  0x0000022962eae000 ConcurrentGCThread "G1 Young RemSet Sampling" [stack: 0x000000ea2df00000,0x000000ea2e000000] [id=12800]

Threads with active compile tasks:
C2 CompilerThread0  19561 5542       4       org.objectweb.asm.Frame::execute (2318 bytes)
C1 CompilerThread0  19561 5578       3       java.util.TreeMap::<init> (20 bytes)
C2 CompilerThread1  19561 5564   !   4       java.util.jar.JarFile$JarFileEntry::getCodeSigners (81 bytes)

VM state:not at safepoint (normal execution)

VM Mutex/Monitor currently owned by a thread: None

Heap address: 0x0000000080000000, size: 2048 MB, Compressed Oops mode: 32-bit
Narrow klass base: 0x0000000000000000, Narrow klass shift: 3
Compressed class space size: 1073741824 Address: 0x0000000100000000

Heap:
 garbage-first heap   total 157696K, used 78161K [0x0000000080000000, 0x0000000100000000)
  region size 1024K, 51 young (52224K), 9 survivors (9216K)
 Metaspace       used 51167K, capacity 52467K, committed 52560K, reserved 1095680K
  class space    used 6509K, capacity 6983K, committed 7040K, reserved 1048576K
Heap Regions: E=young(eden), S=young(survivor), O=old, HS=humongous(starts), HC=humongous(continues), CS=collection set, F=free, A=archive, TAMS=top-at-mark-start (previous, next)
|   0|0x0000000080000000, 0x0000000080100000, 0x0000000080100000|100%|HS|  |TAMS 0x0000000080100000, 0x0000000080000000| Complete 
|   1|0x0000000080100000, 0x0000000080200000, 0x0000000080200000|100%|HC|  |TAMS 0x0000000080200000, 0x0000000080100000| Complete 
|   2|0x0000000080200000, 0x0000000080300000, 0x0000000080300000|100%|HC|  |TAMS 0x0000000080300000, 0x0000000080200000| Complete 
|   3|0x0000000080300000, 0x0000000080400000, 0x0000000080400000|100%| O|  |TAMS 0x0000000080400000, 0x0000000080300000| Untracked 
|   4|0x0000000080400000, 0x0000000080500000, 0x0000000080500000|100%| O|  |TAMS 0x0000000080500000, 0x0000000080400000| Untracked 
|   5|0x0000000080500000, 0x0000000080600000, 0x0000000080600000|100%| O|  |TAMS 0x0000000080600000, 0x0000000080500000| Untracked 
|   6|0x0000000080600000, 0x0000000080700000, 0x0000000080700000|100%| O|  |TAMS 0x0000000080700000, 0x0000000080600000| Untracked 
|   7|0x0000000080700000, 0x0000000080800000, 0x0000000080800000|100%| O|  |TAMS 0x0000000080800000, 0x0000000080700000| Untracked 
|   8|0x0000000080800000, 0x0000000080900000, 0x0000000080900000|100%| O|  |TAMS 0x0000000080900000, 0x0000000080800000| Untracked 
|   9|0x0000000080900000, 0x0000000080a00000, 0x0000000080a00000|100%| O|  |TAMS 0x0000000080a00000, 0x0000000080900000| Untracked 
|  10|0x0000000080a00000, 0x0000000080b00000, 0x0000000080b00000|100%| O|  |TAMS 0x0000000080b00000, 0x0000000080a00000| Untracked 
|  11|0x0000000080b00000, 0x0000000080c00000, 0x0000000080c00000|100%| O|  |TAMS 0x0000000080c00000, 0x0000000080b00000| Untracked 
|  12|0x0000000080c00000, 0x0000000080d00000, 0x0000000080d00000|100%| O|  |TAMS 0x0000000080d00000, 0x0000000080c00000| Untracked 
|  13|0x0000000080d00000, 0x0000000080e00000, 0x0000000080e00000|100%| O|  |TAMS 0x0000000080e00000, 0x0000000080d00000| Untracked 
|  14|0x0000000080e00000, 0x0000000080f00000, 0x0000000080f00000|100%| O|  |TAMS 0x0000000080f00000, 0x0000000080e00000| Untracked 
|  15|0x0000000080f00000, 0x0000000081000000, 0x0000000081000000|100%|HS|  |TAMS 0x0000000080f00000, 0x0000000080f00000| Complete 
|  16|0x0000000081000000, 0x0000000081100000, 0x0000000081100000|100%| O|  |TAMS 0x0000000081000000, 0x0000000081000000| Untracked 
|  17|0x0000000081100000, 0x0000000081200000, 0x0000000081200000|100%| O|  |TAMS 0x0000000081100000, 0x0000000081100000| Untracked 
|  18|0x0000000081200000, 0x0000000081300000, 0x0000000081300000|100%| O|  |TAMS 0x0000000081200000, 0x0000000081200000| Untracked 
|  19|0x0000000081300000, 0x0000000081400000, 0x0000000081400000|100%| O|  |TAMS 0x0000000081300000, 0x0000000081300000| Untracked 
|  20|0x0000000081400000, 0x0000000081500000, 0x0000000081500000|100%| O|  |TAMS 0x0000000081400000, 0x0000000081400000| Untracked 
|  21|0x0000000081500000, 0x0000000081600000, 0x0000000081600000|100%| O|  |TAMS 0x0000000081500000, 0x0000000081500000| Untracked 
|  22|0x0000000081600000, 0x000000008166ce00, 0x0000000081700000| 42%| O|  |TAMS 0x0000000081600000, 0x0000000081600000| Untracked 
|  23|0x0000000081700000, 0x0000000081800000, 0x0000000081800000|100%|HS|  |TAMS 0x0000000081700000, 0x0000000081700000| Complete 
|  24|0x0000000081800000, 0x0000000081900000, 0x0000000081900000|100%|HS|  |TAMS 0x0000000081800000, 0x0000000081800000| Complete 
|  25|0x0000000081900000, 0x0000000081a00000, 0x0000000081a00000|100%|HS|  |TAMS 0x0000000081900000, 0x0000000081900000| Complete 
|  26|0x0000000081a00000, 0x0000000081b00000, 0x0000000081b00000|100%|HC|  |TAMS 0x0000000081a00000, 0x0000000081a00000| Complete 
|  27|0x0000000081b00000, 0x0000000081b00000, 0x0000000081c00000|  0%| F|  |TAMS 0x0000000081b00000, 0x0000000081b00000| Untracked 
|  28|0x0000000081c00000, 0x0000000081c00000, 0x0000000081d00000|  0%| F|  |TAMS 0x0000000081c00000, 0x0000000081c00000| Untracked 
|  29|0x0000000081d00000, 0x0000000081d00000, 0x0000000081e00000|  0%| F|  |TAMS 0x0000000081d00000, 0x0000000081d00000| Untracked 
|  30|0x0000000081e00000, 0x0000000081e00000, 0x0000000081f00000|  0%| F|  |TAMS 0x0000000081e00000, 0x0000000081e00000| Untracked 
|  31|0x0000000081f00000, 0x0000000081f00000, 0x0000000082000000|  0%| F|  |TAMS 0x0000000081f00000, 0x0000000081f00000| Untracked 
|  32|0x0000000082000000, 0x0000000082000000, 0x0000000082100000|  0%| F|  |TAMS 0x0000000082000000, 0x0000000082000000| Untracked 
|  33|0x0000000082100000, 0x0000000082100000, 0x0000000082200000|  0%| F|  |TAMS 0x0000000082100000, 0x0000000082100000| Untracked 
|  34|0x0000000082200000, 0x0000000082200000, 0x0000000082300000|  0%| F|  |TAMS 0x0000000082200000, 0x0000000082200000| Untracked 
|  35|0x0000000082300000, 0x0000000082300000, 0x0000000082400000|  0%| F|  |TAMS 0x0000000082300000, 0x0000000082300000| Untracked 
|  36|0x0000000082400000, 0x0000000082400000, 0x0000000082500000|  0%| F|  |TAMS 0x0000000082400000, 0x0000000082400000| Untracked 
|  37|0x0000000082500000, 0x0000000082500000, 0x0000000082600000|  0%| F|  |TAMS 0x0000000082500000, 0x0000000082500000| Untracked 
|  38|0x0000000082600000, 0x0000000082600000, 0x0000000082700000|  0%| F|  |TAMS 0x0000000082600000, 0x0000000082600000| Untracked 
|  39|0x0000000082700000, 0x0000000082700000, 0x0000000082800000|  0%| F|  |TAMS 0x0000000082700000, 0x0000000082700000| Untracked 
|  40|0x0000000082800000, 0x0000000082800000, 0x0000000082900000|  0%| F|  |TAMS 0x0000000082800000, 0x0000000082800000| Untracked 
|  41|0x0000000082900000, 0x0000000082900000, 0x0000000082a00000|  0%| F|  |TAMS 0x0000000082900000, 0x0000000082900000| Untracked 
|  42|0x0000000082a00000, 0x0000000082a00000, 0x0000000082b00000|  0%| F|  |TAMS 0x0000000082a00000, 0x0000000082a00000| Untracked 
|  43|0x0000000082b00000, 0x0000000082b00000, 0x0000000082c00000|  0%| F|  |TAMS 0x0000000082b00000, 0x0000000082b00000| Untracked 
|  44|0x0000000082c00000, 0x0000000082c00000, 0x0000000082d00000|  0%| F|  |TAMS 0x0000000082c00000, 0x0000000082c00000| Untracked 
|  45|0x0000000082d00000, 0x0000000082d00000, 0x0000000082e00000|  0%| F|  |TAMS 0x0000000082d00000, 0x0000000082d00000| Untracked 
|  46|0x0000000082e00000, 0x0000000082e00000, 0x0000000082f00000|  0%| F|  |TAMS 0x0000000082e00000, 0x0000000082e00000| Untracked 
|  47|0x0000000082f00000, 0x0000000082f00000, 0x0000000083000000|  0%| F|  |TAMS 0x0000000082f00000, 0x0000000082f00000| Untracked 
|  48|0x0000000083000000, 0x0000000083000000, 0x0000000083100000|  0%| F|  |TAMS 0x0000000083000000, 0x0000000083000000| Untracked 
|  49|0x0000000083100000, 0x0000000083100000, 0x0000000083200000|  0%| F|  |TAMS 0x0000000083100000, 0x0000000083100000| Untracked 
|  50|0x0000000083200000, 0x0000000083200000, 0x0000000083300000|  0%| F|  |TAMS 0x0000000083200000, 0x0000000083200000| Untracked 
|  51|0x0000000083300000, 0x0000000083300000, 0x0000000083400000|  0%| F|  |TAMS 0x0000000083300000, 0x0000000083300000| Untracked 
|  52|0x0000000083400000, 0x0000000083400000, 0x0000000083500000|  0%| F|  |TAMS 0x0000000083400000, 0x0000000083400000| Untracked 
|  53|0x0000000083500000, 0x0000000083500000, 0x0000000083600000|  0%| F|  |TAMS 0x0000000083500000, 0x0000000083500000| Untracked 
|  54|0x0000000083600000, 0x0000000083600000, 0x0000000083700000|  0%| F|  |TAMS 0x0000000083600000, 0x0000000083600000| Untracked 
|  55|0x0000000083700000, 0x0000000083700000, 0x0000000083800000|  0%| F|  |TAMS 0x0000000083700000, 0x0000000083700000| Untracked 
|  56|0x0000000083800000, 0x0000000083800000, 0x0000000083900000|  0%| F|  |TAMS 0x0000000083800000, 0x0000000083800000| Untracked 
|  57|0x0000000083900000, 0x0000000083900000, 0x0000000083a00000|  0%| F|  |TAMS 0x0000000083900000, 0x0000000083900000| Untracked 
|  58|0x0000000083a00000, 0x0000000083a00000, 0x0000000083b00000|  0%| F|  |TAMS 0x0000000083a00000, 0x0000000083a00000| Untracked 
|  59|0x0000000083b00000, 0x0000000083b00000, 0x0000000083c00000|  0%| F|  |TAMS 0x0000000083b00000, 0x0000000083b00000| Untracked 
|  60|0x0000000083c00000, 0x0000000083c00000, 0x0000000083d00000|  0%| F|  |TAMS 0x0000000083c00000, 0x0000000083c00000| Untracked 
|  61|0x0000000083d00000, 0x0000000083d00000, 0x0000000083e00000|  0%| F|  |TAMS 0x0000000083d00000, 0x0000000083d00000| Untracked 
|  62|0x0000000083e00000, 0x0000000083e00000, 0x0000000083f00000|  0%| F|  |TAMS 0x0000000083e00000, 0x0000000083e00000| Untracked 
|  63|0x0000000083f00000, 0x0000000083f00000, 0x0000000084000000|  0%| F|  |TAMS 0x0000000083f00000, 0x0000000083f00000| Untracked 
|  64|0x0000000084000000, 0x0000000084000000, 0x0000000084100000|  0%| F|  |TAMS 0x0000000084000000, 0x0000000084000000| Untracked 
|  65|0x0000000084100000, 0x00000000841e7870, 0x0000000084200000| 90%| S|CS|TAMS 0x0000000084100000, 0x0000000084100000| Complete 
|  66|0x0000000084200000, 0x0000000084300000, 0x0000000084300000|100%| S|CS|TAMS 0x0000000084200000, 0x0000000084200000| Complete 
|  67|0x0000000084300000, 0x0000000084400000, 0x0000000084400000|100%| S|CS|TAMS 0x0000000084300000, 0x0000000084300000| Complete 
|  68|0x0000000084400000, 0x0000000084500000, 0x0000000084500000|100%| S|CS|TAMS 0x0000000084400000, 0x0000000084400000| Complete 
|  69|0x0000000084500000, 0x0000000084600000, 0x0000000084600000|100%| S|CS|TAMS 0x0000000084500000, 0x0000000084500000| Complete 
|  70|0x0000000084600000, 0x0000000084700000, 0x0000000084700000|100%| S|CS|TAMS 0x0000000084600000, 0x0000000084600000| Complete 
|  71|0x0000000084700000, 0x0000000084800000, 0x0000000084800000|100%| S|CS|TAMS 0x0000000084700000, 0x0000000084700000| Complete 
|  72|0x0000000084800000, 0x0000000084900000, 0x0000000084900000|100%| S|CS|TAMS 0x0000000084800000, 0x0000000084800000| Complete 
|  73|0x0000000084900000, 0x0000000084a00000, 0x0000000084a00000|100%| S|CS|TAMS 0x0000000084900000, 0x0000000084900000| Complete 
|  74|0x0000000084a00000, 0x0000000084a00000, 0x0000000084b00000|  0%| F|  |TAMS 0x0000000084a00000, 0x0000000084a00000| Untracked 
|  75|0x0000000084b00000, 0x0000000084b00000, 0x0000000084c00000|  0%| F|  |TAMS 0x0000000084b00000, 0x0000000084b00000| Untracked 
|  76|0x0000000084c00000, 0x0000000084c00000, 0x0000000084d00000|  0%| F|  |TAMS 0x0000000084c00000, 0x0000000084c00000| Untracked 
|  77|0x0000000084d00000, 0x0000000084d00000, 0x0000000084e00000|  0%| F|  |TAMS 0x0000000084d00000, 0x0000000084d00000| Untracked 
|  78|0x0000000084e00000, 0x0000000084e00000, 0x0000000084f00000|  0%| F|  |TAMS 0x0000000084e00000, 0x0000000084e00000| Untracked 
|  79|0x0000000084f00000, 0x0000000084f00000, 0x0000000085000000|  0%| F|  |TAMS 0x0000000084f00000, 0x0000000084f00000| Untracked 
|  80|0x0000000085000000, 0x0000000085000000, 0x0000000085100000|  0%| F|  |TAMS 0x0000000085000000, 0x0000000085000000| Untracked 
|  81|0x0000000085100000, 0x0000000085100000, 0x0000000085200000|  0%| F|  |TAMS 0x0000000085100000, 0x0000000085100000| Untracked 
|  82|0x0000000085200000, 0x0000000085200000, 0x0000000085300000|  0%| F|  |TAMS 0x0000000085200000, 0x0000000085200000| Untracked 
|  83|0x0000000085300000, 0x0000000085300000, 0x0000000085400000|  0%| F|  |TAMS 0x0000000085300000, 0x0000000085300000| Untracked 
|  84|0x0000000085400000, 0x0000000085400000, 0x0000000085500000|  0%| F|  |TAMS 0x0000000085400000, 0x0000000085400000| Untracked 
|  85|0x0000000085500000, 0x0000000085500000, 0x0000000085600000|  0%| F|  |TAMS 0x0000000085500000, 0x0000000085500000| Untracked 
|  86|0x0000000085600000, 0x0000000085600000, 0x0000000085700000|  0%| F|  |TAMS 0x0000000085600000, 0x0000000085600000| Untracked 
|  87|0x0000000085700000, 0x0000000085700000, 0x0000000085800000|  0%| F|  |TAMS 0x0000000085700000, 0x0000000085700000| Untracked 
|  88|0x0000000085800000, 0x0000000085800000, 0x0000000085900000|  0%| F|  |TAMS 0x0000000085800000, 0x0000000085800000| Untracked 
|  89|0x0000000085900000, 0x0000000085900000, 0x0000000085a00000|  0%| F|  |TAMS 0x0000000085900000, 0x0000000085900000| Untracked 
|  90|0x0000000085a00000, 0x0000000085a00000, 0x0000000085b00000|  0%| F|  |TAMS 0x0000000085a00000, 0x0000000085a00000| Untracked 
|  91|0x0000000085b00000, 0x0000000085b00000, 0x0000000085c00000|  0%| F|  |TAMS 0x0000000085b00000, 0x0000000085b00000| Untracked 
|  92|0x0000000085c00000, 0x0000000085c00000, 0x0000000085d00000|  0%| F|  |TAMS 0x0000000085c00000, 0x0000000085c00000| Untracked 
|  93|0x0000000085d00000, 0x0000000085d00000, 0x0000000085e00000|  0%| F|  |TAMS 0x0000000085d00000, 0x0000000085d00000| Untracked 
|  94|0x0000000085e00000, 0x0000000085e00000, 0x0000000085f00000|  0%| F|  |TAMS 0x0000000085e00000, 0x0000000085e00000| Untracked 
|  95|0x0000000085f00000, 0x0000000085f00000, 0x0000000086000000|  0%| F|  |TAMS 0x0000000085f00000, 0x0000000085f00000| Untracked 
|  96|0x0000000086000000, 0x0000000086000000, 0x0000000086100000|  0%| F|  |TAMS 0x0000000086000000, 0x0000000086000000| Untracked 
|  97|0x0000000086100000, 0x0000000086100000, 0x0000000086200000|  0%| F|  |TAMS 0x0000000086100000, 0x0000000086100000| Untracked 
|  98|0x0000000086200000, 0x0000000086200000, 0x0000000086300000|  0%| F|  |TAMS 0x0000000086200000, 0x0000000086200000| Untracked 
|  99|0x0000000086300000, 0x0000000086300000, 0x0000000086400000|  0%| F|  |TAMS 0x0000000086300000, 0x0000000086300000| Untracked 
| 100|0x0000000086400000, 0x0000000086400000, 0x0000000086500000|  0%| F|  |TAMS 0x0000000086400000, 0x0000000086400000| Untracked 
| 101|0x0000000086500000, 0x0000000086500000, 0x0000000086600000|  0%| F|  |TAMS 0x0000000086500000, 0x0000000086500000| Untracked 
| 102|0x0000000086600000, 0x0000000086600000, 0x0000000086700000|  0%| F|  |TAMS 0x0000000086600000, 0x0000000086600000| Untracked 
| 103|0x0000000086700000, 0x0000000086700000, 0x0000000086800000|  0%| F|  |TAMS 0x0000000086700000, 0x0000000086700000| Untracked 
| 104|0x0000000086800000, 0x0000000086800000, 0x0000000086900000|  0%| F|  |TAMS 0x0000000086800000, 0x0000000086800000| Untracked 
| 105|0x0000000086900000, 0x0000000086900000, 0x0000000086a00000|  0%| F|  |TAMS 0x0000000086900000, 0x0000000086900000| Untracked 
| 106|0x0000000086a00000, 0x0000000086a00000, 0x0000000086b00000|  0%| F|  |TAMS 0x0000000086a00000, 0x0000000086a00000| Untracked 
| 107|0x0000000086b00000, 0x0000000086b00000, 0x0000000086c00000|  0%| F|  |TAMS 0x0000000086b00000, 0x0000000086b00000| Untracked 
| 108|0x0000000086c00000, 0x0000000086c00000, 0x0000000086d00000|  0%| F|  |TAMS 0x0000000086c00000, 0x0000000086c00000| Untracked 
| 109|0x0000000086d00000, 0x0000000086d00000, 0x0000000086e00000|  0%| F|  |TAMS 0x0000000086d00000, 0x0000000086d00000| Untracked 
| 110|0x0000000086e00000, 0x0000000086e00000, 0x0000000086f00000|  0%| F|  |TAMS 0x0000000086e00000, 0x0000000086e00000| Untracked 
| 111|0x0000000086f00000, 0x0000000086f80800, 0x0000000087000000| 50%| E|  |TAMS 0x0000000086f00000, 0x0000000086f00000| Complete 
| 112|0x0000000087000000, 0x0000000087100000, 0x0000000087100000|100%| E|CS|TAMS 0x0000000087000000, 0x0000000087000000| Complete 
| 113|0x0000000087100000, 0x0000000087200000, 0x0000000087200000|100%| E|CS|TAMS 0x0000000087100000, 0x0000000087100000| Complete 
| 114|0x0000000087200000, 0x0000000087300000, 0x0000000087300000|100%| E|CS|TAMS 0x0000000087200000, 0x0000000087200000| Complete 
| 115|0x0000000087300000, 0x0000000087400000, 0x0000000087400000|100%| E|CS|TAMS 0x0000000087300000, 0x0000000087300000| Complete 
| 116|0x0000000087400000, 0x0000000087500000, 0x0000000087500000|100%| E|CS|TAMS 0x0000000087400000, 0x0000000087400000| Complete 
| 117|0x0000000087500000, 0x0000000087600000, 0x0000000087600000|100%| E|CS|TAMS 0x0000000087500000, 0x0000000087500000| Complete 
| 118|0x0000000087600000, 0x0000000087700000, 0x0000000087700000|100%| E|CS|TAMS 0x0000000087600000, 0x0000000087600000| Complete 
| 119|0x0000000087700000, 0x0000000087800000, 0x0000000087800000|100%| E|CS|TAMS 0x0000000087700000, 0x0000000087700000| Complete 
| 120|0x0000000087800000, 0x0000000087900000, 0x0000000087900000|100%| E|CS|TAMS 0x0000000087800000, 0x0000000087800000| Complete 
| 121|0x0000000087900000, 0x0000000087a00000, 0x0000000087a00000|100%| E|CS|TAMS 0x0000000087900000, 0x0000000087900000| Complete 
| 122|0x0000000087a00000, 0x0000000087b00000, 0x0000000087b00000|100%| E|CS|TAMS 0x0000000087a00000, 0x0000000087a00000| Complete 
| 123|0x0000000087b00000, 0x0000000087c00000, 0x0000000087c00000|100%| E|CS|TAMS 0x0000000087b00000, 0x0000000087b00000| Complete 
| 124|0x0000000087c00000, 0x0000000087d00000, 0x0000000087d00000|100%| E|CS|TAMS 0x0000000087c00000, 0x0000000087c00000| Complete 
| 125|0x0000000087d00000, 0x0000000087e00000, 0x0000000087e00000|100%| E|CS|TAMS 0x0000000087d00000, 0x0000000087d00000| Complete 
| 126|0x0000000087e00000, 0x0000000087f00000, 0x0000000087f00000|100%| E|CS|TAMS 0x0000000087e00000, 0x0000000087e00000| Complete 
| 127|0x0000000087f00000, 0x0000000088000000, 0x0000000088000000|100%| E|CS|TAMS 0x0000000087f00000, 0x0000000087f00000| Complete 
| 128|0x0000000088000000, 0x0000000088100000, 0x0000000088100000|100%| E|CS|TAMS 0x0000000088000000, 0x0000000088000000| Complete 
| 129|0x0000000088100000, 0x0000000088200000, 0x0000000088200000|100%| E|CS|TAMS 0x0000000088100000, 0x0000000088100000| Complete 
| 130|0x0000000088200000, 0x0000000088300000, 0x0000000088300000|100%| E|CS|TAMS 0x0000000088200000, 0x0000000088200000| Complete 
| 131|0x0000000088300000, 0x0000000088400000, 0x0000000088400000|100%| E|CS|TAMS 0x0000000088300000, 0x0000000088300000| Complete 
| 132|0x0000000088400000, 0x0000000088500000, 0x0000000088500000|100%| E|CS|TAMS 0x0000000088400000, 0x0000000088400000| Complete 
| 133|0x0000000088500000, 0x0000000088600000, 0x0000000088600000|100%| E|CS|TAMS 0x0000000088500000, 0x0000000088500000| Complete 
| 134|0x0000000088600000, 0x0000000088700000, 0x0000000088700000|100%| E|CS|TAMS 0x0000000088600000, 0x0000000088600000| Complete 
| 135|0x0000000088700000, 0x0000000088800000, 0x0000000088800000|100%| E|CS|TAMS 0x0000000088700000, 0x0000000088700000| Complete 
| 136|0x0000000088800000, 0x0000000088900000, 0x0000000088900000|100%| E|CS|TAMS 0x0000000088800000, 0x0000000088800000| Complete 
| 137|0x0000000088900000, 0x0000000088a00000, 0x0000000088a00000|100%| E|CS|TAMS 0x0000000088900000, 0x0000000088900000| Complete 
| 138|0x0000000088a00000, 0x0000000088b00000, 0x0000000088b00000|100%| E|CS|TAMS 0x0000000088a00000, 0x0000000088a00000| Complete 
| 139|0x0000000088b00000, 0x0000000088c00000, 0x0000000088c00000|100%| E|CS|TAMS 0x0000000088b00000, 0x0000000088b00000| Complete 
| 140|0x0000000088c00000, 0x0000000088d00000, 0x0000000088d00000|100%| E|CS|TAMS 0x0000000088c00000, 0x0000000088c00000| Complete 
| 141|0x0000000088d00000, 0x0000000088e00000, 0x0000000088e00000|100%| E|CS|TAMS 0x0000000088d00000, 0x0000000088d00000| Complete 
| 142|0x0000000088e00000, 0x0000000088f00000, 0x0000000088f00000|100%| E|CS|TAMS 0x0000000088e00000, 0x0000000088e00000| Complete 
| 143|0x0000000088f00000, 0x0000000089000000, 0x0000000089000000|100%| E|CS|TAMS 0x0000000088f00000, 0x0000000088f00000| Complete 
| 144|0x0000000089000000, 0x0000000089100000, 0x0000000089100000|100%| E|CS|TAMS 0x0000000089000000, 0x0000000089000000| Complete 
| 145|0x0000000089100000, 0x0000000089200000, 0x0000000089200000|100%| E|CS|TAMS 0x0000000089100000, 0x0000000089100000| Complete 
| 146|0x0000000089200000, 0x0000000089300000, 0x0000000089300000|100%| E|CS|TAMS 0x0000000089200000, 0x0000000089200000| Complete 
| 147|0x0000000089300000, 0x0000000089400000, 0x0000000089400000|100%| E|CS|TAMS 0x0000000089300000, 0x0000000089300000| Complete 
| 148|0x0000000089400000, 0x0000000089500000, 0x0000000089500000|100%| E|CS|TAMS 0x0000000089400000, 0x0000000089400000| Complete 
| 149|0x0000000089500000, 0x0000000089600000, 0x0000000089600000|100%| E|CS|TAMS 0x0000000089500000, 0x0000000089500000| Complete 
| 150|0x0000000089600000, 0x0000000089700000, 0x0000000089700000|100%| E|CS|TAMS 0x0000000089600000, 0x0000000089600000| Complete 
| 151|0x0000000089700000, 0x0000000089800000, 0x0000000089800000|100%| E|CS|TAMS 0x0000000089700000, 0x0000000089700000| Complete 
| 152|0x0000000089800000, 0x0000000089900000, 0x0000000089900000|100%| E|CS|TAMS 0x0000000089800000, 0x0000000089800000| Complete 
| 153|0x0000000089900000, 0x0000000089a00000, 0x0000000089a00000|100%| E|CS|TAMS 0x0000000089900000, 0x0000000089900000| Complete 

Card table byte_map: [0x0000022975cd0000,0x00000229760d0000] _byte_map_base: 0x00000229758d0000

Marking Bits (Prev, Next): (CMBitMap*) 0x0000022962e10128, (CMBitMap*) 0x0000022962e10160
 Prev Bits: [0x00000229764d0000, 0x00000229784d0000)
 Next Bits: [0x00000229784d0000, 0x000002297a4d0000)

Polling page: 0x0000022960c20000

Metaspace:

Usage:
  Non-class:     44.42 MB capacity,    43.64 MB ( 98%) used,   659.25 KB (  1%) free+waste,   132.44 KB ( <1%) overhead. 
      Class:      6.82 MB capacity,     6.36 MB ( 93%) used,   408.02 KB (  6%) free+waste,    62.94 KB ( <1%) overhead. 
       Both:     51.24 MB capacity,    50.00 MB ( 98%) used,     1.04 MB (  2%) free+waste,   195.38 KB ( <1%) overhead. 

Virtual space:
  Non-class space:       46.00 MB reserved,      44.45 MB ( 97%) committed 
      Class space:        1.00 GB reserved,       6.88 MB ( <1%) committed 
             Both:        1.04 GB reserved,      51.33 MB (  5%) committed 

Chunk freelists:
   Non-Class:  36.00 KB
       Class:  25.00 KB
        Both:  61.00 KB

MaxMetaspaceSize: 17179869184.00 GB
CompressedClassSpaceSize: 1.00 GB

CodeHeap 'non-profiled nmethods': size=120064Kb used=3114Kb max_used=3114Kb free=116949Kb
 bounds [0x000002296e390000, 0x000002296e6a0000, 0x00000229758d0000]
CodeHeap 'profiled nmethods': size=120000Kb used=11575Kb max_used=11575Kb free=108424Kb
 bounds [0x0000022966e60000, 0x00000229679b0000, 0x000002296e390000]
CodeHeap 'non-nmethods': size=5696Kb used=2220Kb max_used=2252Kb free=3476Kb
 bounds [0x00000229668d0000, 0x0000022966b40000, 0x0000022966e60000]
 total_blobs=6361 nmethods=5566 adapters=706
 compilation: enabled
              stopped_count=0, restarted_count=0
 full_count=0

Compilation events (20 events):
Event: 19.400 Thread 0x000002297c9e9000 5549       3       java.util.regex.Pattern$$Lambda$13/0x0000000100090040::is (13 bytes)
Event: 19.400 Thread 0x000002297c9e9000 nmethod 5549 0x000002296799b690 code [0x000002296799b860, 0x000002296799bab8]
Event: 19.400 Thread 0x000002297c9e9000 5550       3       java.util.regex.Pattern::lambda$Range$11 (7 bytes)
Event: 19.400 Thread 0x000002297c9e9000 nmethod 5550 0x000002296799bb90 code [0x000002296799bd40, 0x000002296799bf18]
Event: 19.410 Thread 0x000002297c9e9000 5551       3       org.objectweb.asm.ByteVector::putUTF8 (144 bytes)
Event: 19.411 Thread 0x000002297c9e9000 nmethod 5551 0x000002296799c010 code [0x000002296799c2a0, 0x000002296799cdc8]
Event: 19.412 Thread 0x000002297c9e9000 5552       3       org.objectweb.asm.SymbolTable::hash (7 bytes)
Event: 19.412 Thread 0x000002297c9e9000 nmethod 5552 0x000002296799d310 code [0x000002296799d4c0, 0x000002296799d5b8]
Event: 19.437 Thread 0x000002297c9e9000 5553   !   3       com.google.common.collect.MapMakerInternalMap$Segment::runLockedCleanup (34 bytes)
Event: 19.438 Thread 0x000002297c9e9000 nmethod 5553 0x000002296799d690 code [0x000002296799d8a0, 0x000002296799de78]
Event: 19.465 Thread 0x0000022900e62000 nmethod 5481% 0x000002296e68fd10 code [0x000002296e690140, 0x000002296e6956b8]
Event: 19.466 Thread 0x0000022900e62000 5541       4       com.google.common.collect.RegularImmutableSet::iterator (5 bytes)
Event: 19.469 Thread 0x0000022900e62000 nmethod 5541 0x000002296e698410 code [0x000002296e6985c0, 0x000002296e698758]
Event: 19.476 Thread 0x0000022900e62000 5554       4       org.objectweb.asm.Type::getInternalName (16 bytes)
Event: 19.485 Thread 0x000002297c9e9000 5556       3       com.google.common.collect.RegularImmutableSet::size (6 bytes)
Event: 19.485 Thread 0x000002297c9e9000 nmethod 5556 0x000002296799e090 code [0x000002296799e240, 0x000002296799e358]
Event: 19.488 Thread 0x0000022900e62000 nmethod 5554 0x000002296e698890 code [0x000002296e698a40, 0x000002296e698f58]
Event: 19.488 Thread 0x0000022900e62000 5555       4       org.objectweb.asm.MethodWriter::visitCode (1 bytes)
Event: 19.489 Thread 0x0000022900e62000 nmethod 5555 0x000002296e699210 code [0x000002296e6993a0, 0x000002296e6993f8]
Event: 19.489 Thread 0x000002297c9e9000 5557       3       org.gradle.internal.service.DefaultServiceRegistry::serviceRequested (42 bytes)

GC Heap History (18 events):
Event: 0.772 GC heap before
{Heap before GC invocations=0 (full 0):
 garbage-first heap   total 131072K, used 17408K [0x0000000080000000, 0x0000000100000000)
  region size 1024K, 14 young (14336K), 0 survivors (0K)
 Metaspace       used 6778K, capacity 6985K, committed 7168K, reserved 1056768K
  class space    used 584K, capacity 650K, committed 768K, reserved 1048576K
}
Event: 0.778 GC heap after
{Heap after GC invocations=1 (full 0):
 garbage-first heap   total 131072K, used 4325K [0x0000000080000000, 0x0000000100000000)
  region size 1024K, 2 young (2048K), 2 survivors (2048K)
 Metaspace       used 6778K, capacity 6985K, committed 7168K, reserved 1056768K
  class space    used 584K, capacity 650K, committed 768K, reserved 1048576K
}
Event: 1.222 GC heap before
{Heap before GC invocations=1 (full 0):
 garbage-first heap   total 131072K, used 18661K [0x0000000080000000, 0x0000000100000000)
  region size 1024K, 13 young (13312K), 2 survivors (2048K)
 Metaspace       used 10266K, capacity 10549K, committed 10624K, reserved 1058816K
  class space    used 1071K, capacity 1139K, committed 1152K, reserved 1048576K
}
Event: 1.227 GC heap after
{Heap after GC invocations=2 (full 0):
 garbage-first heap   total 131072K, used 9487K [0x0000000080000000, 0x0000000100000000)
  region size 1024K, 2 young (2048K), 2 survivors (2048K)
 Metaspace       used 10266K, capacity 10549K, committed 10624K, reserved 1058816K
  class space    used 1071K, capacity 1139K, committed 1152K, reserved 1048576K
}
Event: 2.051 GC heap before
{Heap before GC invocations=2 (full 0):
 garbage-first heap   total 131072K, used 36111K [0x0000000080000000, 0x0000000100000000)
  region size 1024K, 28 young (28672K), 2 survivors (2048K)
 Metaspace       used 11268K, capacity 11504K, committed 11776K, reserved 1060864K
  class space    used 1175K, capacity 1244K, committed 1280K, reserved 1048576K
}
Event: 2.056 GC heap after
{Heap after GC invocations=3 (full 0):
 garbage-first heap   total 131072K, used 9846K [0x0000000080000000, 0x0000000100000000)
  region size 1024K, 3 young (3072K), 3 survivors (3072K)
 Metaspace       used 11268K, capacity 11504K, committed 11776K, reserved 1060864K
  class space    used 1175K, capacity 1244K, committed 1280K, reserved 1048576K
}
Event: 5.121 GC heap before
{Heap before GC invocations=3 (full 0):
 garbage-first heap   total 131072K, used 49782K [0x0000000080000000, 0x0000000100000000)
  region size 1024K, 42 young (43008K), 3 survivors (3072K)
 Metaspace       used 16833K, capacity 17290K, committed 17536K, reserved 1064960K
  class space    used 1936K, capacity 2068K, committed 2176K, reserved 1048576K
}
Event: 5.134 GC heap after
{Heap after GC invocations=4 (full 0):
 garbage-first heap   total 131072K, used 15652K [0x0000000080000000, 0x0000000100000000)
  region size 1024K, 6 young (6144K), 6 survivors (6144K)
 Metaspace       used 16833K, capacity 17290K, committed 17536K, reserved 1064960K
  class space    used 1936K, capacity 2068K, committed 2176K, reserved 1048576K
}
Event: 5.890 GC heap before
{Heap before GC invocations=4 (full 0):
 garbage-first heap   total 131072K, used 48420K [0x0000000080000000, 0x0000000100000000)
  region size 1024K, 39 young (39936K), 6 survivors (6144K)
 Metaspace       used 20703K, capacity 21164K, committed 21296K, reserved 1069056K
  class space    used 2532K, capacity 2660K, committed 2688K, reserved 1048576K
}
Event: 5.905 GC heap after
{Heap after GC invocations=5 (full 0):
 garbage-first heap   total 131072K, used 16819K [0x0000000080000000, 0x0000000100000000)
  region size 1024K, 2 young (2048K), 2 survivors (2048K)
 Metaspace       used 20703K, capacity 21164K, committed 21296K, reserved 1069056K
  class space    used 2532K, capacity 2660K, committed 2688K, reserved 1048576K
}
Event: 6.961 GC heap before
{Heap before GC invocations=6 (full 0):
 garbage-first heap   total 131072K, used 68019K [0x0000000080000000, 0x0000000100000000)
  region size 1024K, 52 young (53248K), 2 survivors (2048K)
 Metaspace       used 26003K, capacity 26632K, committed 26752K, reserved 1073152K
  class space    used 3392K, capacity 3617K, committed 3712K, reserved 1048576K
}
Event: 6.970 GC heap after
{Heap after GC invocations=7 (full 0):
 garbage-first heap   total 157696K, used 18665K [0x0000000080000000, 0x0000000100000000)
  region size 1024K, 4 young (4096K), 4 survivors (4096K)
 Metaspace       used 26003K, capacity 26632K, committed 26752K, reserved 1073152K
  class space    used 3392K, capacity 3617K, committed 3712K, reserved 1048576K
}
Event: 9.760 GC heap before
{Heap before GC invocations=7 (full 0):
 garbage-first heap   total 157696K, used 78057K [0x0000000080000000, 0x0000000100000000)
  region size 1024K, 63 young (64512K), 4 survivors (4096K)
 Metaspace       used 35143K, capacity 35906K, committed 36048K, reserved 1081344K
  class space    used 4562K, capacity 4863K, committed 4864K, reserved 1048576K
}
Event: 9.780 GC heap after
{Heap after GC invocations=8 (full 0):
 garbage-first heap   total 157696K, used 22186K [0x0000000080000000, 0x0000000100000000)
  region size 1024K, 7 young (7168K), 7 survivors (7168K)
 Metaspace       used 35143K, capacity 35906K, committed 36048K, reserved 1081344K
  class space    used 4562K, capacity 4863K, committed 4864K, reserved 1048576K
}
Event: 14.349 GC heap before
{Heap before GC invocations=9 (full 0):
 garbage-first heap   total 157696K, used 110250K [0x0000000080000000, 0x0000000100000000)
  region size 1024K, 91 young (93184K), 7 survivors (7168K)
 Metaspace       used 42100K, capacity 43017K, committed 43216K, reserved 1087488K
  class space    used 5436K, capacity 5791K, committed 5888K, reserved 1048576K
}
Event: 14.392 GC heap after
{Heap after GC invocations=10 (full 0):
 garbage-first heap   total 157696K, used 28246K [0x0000000080000000, 0x0000000100000000)
  region size 1024K, 12 young (12288K), 12 survivors (12288K)
 Metaspace       used 42100K, capacity 43017K, committed 43216K, reserved 1087488K
  class space    used 5436K, capacity 5791K, committed 5888K, reserved 1048576K
}
Event: 18.074 GC heap before
{Heap before GC invocations=10 (full 0):
 garbage-first heap   total 157696K, used 110166K [0x0000000080000000, 0x0000000100000000)
  region size 1024K, 92 young (94208K), 12 survivors (12288K)
 Metaspace       used 47870K, capacity 48984K, committed 49104K, reserved 1091584K
  class space    used 6104K, capacity 6540K, committed 6656K, reserved 1048576K
}
Event: 18.099 GC heap after
{Heap after GC invocations=11 (full 0):
 garbage-first heap   total 157696K, used 31057K [0x0000000080000000, 0x0000000100000000)
  region size 1024K, 9 young (9216K), 9 survivors (9216K)
 Metaspace       used 47870K, capacity 48984K, committed 49104K, reserved 1091584K
  class space    used 6104K, capacity 6540K, committed 6656K, reserved 1048576K
}

Deoptimization events (20 events):
Event: 19.017 Thread 0x000002290115e800 DEOPT PACKING pc=0x000002296e3ec4bc sp=0x000000ea2f3f8190
Event: 19.017 Thread 0x000002290115e800 DEOPT UNPACKING pc=0x00000229668f662f sp=0x000000ea2f3f8120 mode 2
Event: 19.047 Thread 0x000002290115e800 DEOPT PACKING pc=0x0000022967319011 sp=0x000000ea2f3f8c20
Event: 19.047 Thread 0x000002290115e800 DEOPT UNPACKING pc=0x00000229668f6dde sp=0x000000ea2f3f8100 mode 0
Event: 19.321 Thread 0x000002290115e800 Uncommon trap: trap_request=0xffffff4d fr.pc=0x000002296e57df44 relative=0x0000000000000744
Event: 19.322 Thread 0x000002290115e800 Uncommon trap: reason=unstable_if action=reinterpret pc=0x000002296e57df44 method=java.io.BufferedInputStream.read([BII)I @ 56 c2
Event: 19.322 Thread 0x000002290115e800 DEOPT PACKING pc=0x000002296e57df44 sp=0x000000ea2f3f7590
Event: 19.322 Thread 0x000002290115e800 DEOPT UNPACKING pc=0x00000229668f662f sp=0x000000ea2f3f7548 mode 2
Event: 19.324 Thread 0x000002290115e800 Uncommon trap: trap_request=0xffffff4d fr.pc=0x000002296e409df4 relative=0x0000000000000054
Event: 19.324 Thread 0x000002290115e800 Uncommon trap: reason=unstable_if action=reinterpret pc=0x000002296e409df4 method=java.util.regex.Pattern.has(I)Z @ 6 c2
Event: 19.324 Thread 0x000002290115e800 DEOPT PACKING pc=0x000002296e409df4 sp=0x000000ea2f3f6580
Event: 19.324 Thread 0x000002290115e800 DEOPT UNPACKING pc=0x00000229668f662f sp=0x000000ea2f3f6510 mode 2
Event: 19.364 Thread 0x000002290115e800 Uncommon trap: trap_request=0xffffff45 fr.pc=0x000002296e55f984 relative=0x0000000000000d64
Event: 19.364 Thread 0x000002290115e800 Uncommon trap: reason=unstable_fused_if action=reinterpret pc=0x000002296e55f984 method=org.objectweb.asm.ByteVector.putUTF8(Ljava/lang/String;)Lorg/objectweb/asm/ByteVector; @ 93 c2
Event: 19.364 Thread 0x000002290115e800 DEOPT PACKING pc=0x000002296e55f984 sp=0x000000ea2f3f8030
Event: 19.364 Thread 0x000002290115e800 DEOPT UNPACKING pc=0x00000229668f662f sp=0x000000ea2f3f7f88 mode 2
Event: 19.409 Thread 0x000002290115e800 Uncommon trap: trap_request=0xffffff45 fr.pc=0x000002296e4d8274 relative=0x0000000000000214
Event: 19.409 Thread 0x000002290115e800 Uncommon trap: reason=unstable_fused_if action=reinterpret pc=0x000002296e4d8274 method=org.objectweb.asm.ByteVector.putUTF8(Ljava/lang/String;)Lorg/objectweb/asm/ByteVector; @ 93 c2
Event: 19.409 Thread 0x000002290115e800 DEOPT PACKING pc=0x000002296e4d8274 sp=0x000000ea2f3f8360
Event: 19.409 Thread 0x000002290115e800 DEOPT UNPACKING pc=0x00000229668f662f sp=0x000000ea2f3f82e0 mode 2

Classes redefined (0 events):
No events

Internal exceptions (20 events):
Event: 18.740 Thread 0x000002290115e800 Exception <a 'java/lang/ClassNotFoundException'{0x0000000088693828}: org/gradle/api/DefaultTaskCustomizer> (0x0000000088693828) thrown at [./src/hotspot/share/classfile/systemDictionary.cpp, line 231]
Event: 18.774 Thread 0x000002290115e800 Exception <a 'java/lang/ClassNotFoundException'{0x0000000088515680}: org/gradle/api/internal/ConventionTaskCustomizer> (0x0000000088515680) thrown at [./src/hotspot/share/classfile/systemDictionary.cpp, line 231]
Event: 18.780 Thread 0x000002290115e800 Exception <a 'java/lang/ClassNotFoundException'{0x000000008854d6c8}: org/gradle/api/tasks/DeleteCustomizer> (0x000000008854d6c8) thrown at [./src/hotspot/share/classfile/systemDictionary.cpp, line 231]
Event: 18.783 Thread 0x000002290115e800 Exception <a 'java/lang/ClassNotFoundException'{0x000000008858cd30}: org/gradle/api/tasks/Delete_DecoratedCustomizer> (0x000000008858cd30) thrown at [./src/hotspot/share/classfile/systemDictionary.cpp, line 231]
Event: 18.841 Thread 0x000002290115e800 Exception <a 'java/lang/NoSuchMethodError'{0x00000000884ad3b0}: 'long java.lang.invoke.DirectMethodHandle$Holder.invokeVirtual(java.lang.Object, java.lang.Object)'> (0x00000000884ad3b0) thrown at [./src/hotspot/share/interpreter/linkResolver.cpp, line 773]
Event: 18.850 Thread 0x00000229001f2000 Exception <a 'java/lang/NoSuchMethodError'{0x0000000089844230}: <clinit>> (0x0000000089844230) thrown at [./src/hotspot/share/prims/jni.cpp, line 1362]
Event: 18.868 Thread 0x00000229001f2000 Exception <a 'java/lang/NoSuchMethodError'{0x000000008831c620}: <clinit>> (0x000000008831c620) thrown at [./src/hotspot/share/prims/jni.cpp, line 1362]
Event: 18.869 Thread 0x00000229001f2000 Exception <a 'java/lang/NoSuchMethodError'{0x000000008831d730}: <clinit>> (0x000000008831d730) thrown at [./src/hotspot/share/prims/jni.cpp, line 1362]
Event: 18.869 Thread 0x00000229001f2000 Exception <a 'java/lang/NoSuchMethodError'{0x000000008831ec90}: <clinit>> (0x000000008831ec90) thrown at [./src/hotspot/share/prims/jni.cpp, line 1362]
Event: 18.869 Thread 0x00000229001f2000 Exception <a 'java/lang/NoSuchMethodError'{0x000000008831fcb0}: <clinit>> (0x000000008831fcb0) thrown at [./src/hotspot/share/prims/jni.cpp, line 1362]
Event: 18.874 Thread 0x00000229001f2000 Exception <a 'java/lang/NoSuchMethodError'{0x00000000883322e0}: <clinit>> (0x00000000883322e0) thrown at [./src/hotspot/share/prims/jni.cpp, line 1362]
Event: 18.881 Thread 0x00000229001f2000 Exception <a 'java/lang/NoSuchMethodError'{0x000000008833c888}: <clinit>> (0x000000008833c888) thrown at [./src/hotspot/share/prims/jni.cpp, line 1362]
Event: 18.885 Thread 0x00000229001f2000 Exception <a 'java/lang/NoSuchMethodError'{0x0000000088350458}: <clinit>> (0x0000000088350458) thrown at [./src/hotspot/share/prims/jni.cpp, line 1362]
Event: 18.957 Thread 0x000002290115e800 Exception <a 'java/lang/ClassNotFoundException'{0x00000000883cf0c0}: build_89x1m1zt7fgidq7d073csr3npBeanInfo> (0x00000000883cf0c0) thrown at [./src/hotspot/share/classfile/systemDictionary.cpp, line 231]
Event: 18.958 Thread 0x000002290115e800 Exception <a 'java/lang/ClassNotFoundException'{0x00000000883da078}: build_89x1m1zt7fgidq7d073csr3npCustomizer> (0x00000000883da078) thrown at [./src/hotspot/share/classfile/systemDictionary.cpp, line 231]
Event: 19.043 Thread 0x000002290115e800 Exception <a 'java/lang/ClassNotFoundException'{0x000000008815eee0}: org/gradle/api/internal/plugins/DefaultObjectConfigurationActionBeanInfo> (0x000000008815eee0) thrown at [./src/hotspot/share/classfile/systemDictionary.cpp, line 231]
Event: 19.044 Thread 0x000002290115e800 Exception <a 'java/lang/ClassNotFoundException'{0x0000000088194250}: org/gradle/api/internal/plugins/DefaultObjectConfigurationActionCustomizer> (0x0000000088194250) thrown at [./src/hotspot/share/classfile/systemDictionary.cpp, line 231]
Event: 19.345 Thread 0x000002290115e800 Exception <a 'java/lang/NoSuchMethodError'{0x00000000877e6818}: 'java.lang.Object java.lang.invoke.DirectMethodHandle$Holder.invokeStatic(java.lang.Object, java.lang.Object, java.lang.Object, java.lang.Object, int)'> (0x00000000877e6818) thrown at [./src/hotspot/share/interpreter/linkResolver.cpp, line 773]
Event: 19.345 Thread 0x000002290115e800 Exception <a 'java/lang/NoSuchMethodError'{0x00000000877eb210}: 'java.lang.Object java.lang.invoke.DirectMethodHandle$Holder.invokeSpecial(java.lang.Object, java.lang.Object, java.lang.Object, java.lang.Object, java.lang.Object, int)'> (0x00000000877eb210) thrown at [./src/hotspot/share/interpreter/linkResolver.cpp, line 773]
Event: 19.346 Thread 0x000002290115e800 Exception <a 'java/lang/NoSuchMethodError'{0x00000000877ef850}: 'java.lang.Object java.lang.invoke.Invokers$Holder.linkToTargetMethod(java.lang.Object, java.lang.Object, java.lang.Object, int, java.lang.Object)'> (0x00000000877ef850) thrown at [./src/hotspot/share/interpreter/linkResolver.cpp, line 773]

Events (20 events):
Event: 19.474 loading class org/gradle/api/provider/ValueSourceSpec
Event: 19.474 loading class org/gradle/api/provider/ValueSourceSpec done
Event: 19.474 loading class org/gradle/api/provider/Provider
Event: 19.474 loading class org/gradle/api/provider/Provider done
Event: 19.475 loading class org/gradle/api/internal/provider/sources/AbstractPropertyValueSource$Parameters
Event: 19.475 loading class org/gradle/api/internal/provider/sources/AbstractPropertyValueSource$Parameters done
Event: 19.478 loading class org/gradle/api/internal/provider/DefaultValueSourceProviderFactory$DefaultValueSourceSpec
Event: 19.478 loading class org/gradle/api/internal/provider/DefaultValueSourceProviderFactory$DefaultValueSourceSpec done
Event: 19.480 loading class org/gradle/api/internal/provider/DefaultValueSourceProviderFactory$DefaultObtainedValue
Event: 19.480 loading class org/gradle/api/internal/provider/DefaultValueSourceProviderFactory$DefaultObtainedValue done
Event: 19.481 loading class org/gradle/api/internal/provider/DefaultValueSourceProviderFactory$LazilyObtainedValue
Event: 19.481 loading class org/gradle/api/internal/provider/DefaultValueSourceProviderFactory$LazilyObtainedValue done
Event: 19.481 loading class org/gradle/api/internal/provider/DefaultValueSourceProviderFactory$ValueSourceProvider
Event: 19.481 loading class org/gradle/api/internal/provider/DefaultValueSourceProviderFactory$ValueSourceProvider done
Event: 19.482 loading class org/gradle/api/internal/provider/DefaultValueSourceProviderFactory$ConfigurationTimeProvider
Event: 19.482 loading class org/gradle/api/internal/provider/DefaultValueSourceProviderFactory$ConfigurationTimeProvider done
Event: 19.483 loading class org/gradle/api/internal/provider/DefaultValueSourceProviderFactory$NonConfigurationTimeProvider
Event: 19.483 loading class org/gradle/api/internal/provider/DefaultValueSourceProviderFactory$NonConfigurationTimeProvider done
Event: 19.484 loading class org/gradle/api/internal/provider/DefaultValueSourceProviderFactory$LazilyObtainedValue
Event: 19.484 loading class org/gradle/api/internal/provider/DefaultValueSourceProviderFactory$LazilyObtainedValue done


Dynamic libraries:
0x00007ff7d6740000 - 0x00007ff7d674a000 	C:\Program Files\Android\Android Studio\jre\bin\java.exe
0x00007ffe65ef0000 - 0x00007ffe660e5000 	C:\WINDOWS\SYSTEM32\ntdll.dll
0x00007ffe64600000 - 0x00007ffe646be000 	C:\WINDOWS\System32\KERNEL32.DLL
0x00007ffe63610000 - 0x00007ffe638d8000 	C:\WINDOWS\System32\KERNELBASE.dll
0x00007ffe639a0000 - 0x00007ffe63aa0000 	C:\WINDOWS\System32\ucrtbase.dll
0x00007ffe40740000 - 0x00007ffe40759000 	C:\Program Files\Android\Android Studio\jre\bin\jli.dll
0x00007ffe64da0000 - 0x00007ffe64f40000 	C:\WINDOWS\System32\USER32.dll
0x00007ffe40270000 - 0x00007ffe40287000 	C:\Program Files\Android\Android Studio\jre\bin\VCRUNTIME140.dll
0x00007ffe63f20000 - 0x00007ffe63f42000 	C:\WINDOWS\System32\win32u.dll
0x00007ffe648e0000 - 0x00007ffe6490a000 	C:\WINDOWS\System32\GDI32.dll
0x00007ffe63aa0000 - 0x00007ffe63bab000 	C:\WINDOWS\System32\gdi32full.dll
0x00007ffe63e80000 - 0x00007ffe63f1d000 	C:\WINDOWS\System32\msvcp_win.dll
0x00007ffe519b0000 - 0x00007ffe51c4a000 	C:\WINDOWS\WinSxS\amd64_microsoft.windows.common-controls_6595b64144ccf1df_6.0.19041.1110_none_60b5254171f9507e\COMCTL32.dll
0x00007ffe65d10000 - 0x00007ffe65dae000 	C:\WINDOWS\System32\msvcrt.dll
0x00007ffe654b0000 - 0x00007ffe654e0000 	C:\WINDOWS\System32\IMM32.DLL
0x00007ffe37750000 - 0x00007ffe377ed000 	C:\Program Files\Android\Android Studio\jre\bin\msvcp140.dll
0x00007ffe0f370000 - 0x00007ffe0fe45000 	C:\Program Files\Android\Android Studio\jre\bin\server\jvm.dll
0x00007ffe651e0000 - 0x00007ffe6528e000 	C:\WINDOWS\System32\ADVAPI32.dll
0x00007ffe65db0000 - 0x00007ffe65e4c000 	C:\WINDOWS\System32\sechost.dll
0x00007ffe64910000 - 0x00007ffe64a35000 	C:\WINDOWS\System32\RPCRT4.dll
0x00007ffe654e0000 - 0x00007ffe654e8000 	C:\WINDOWS\System32\PSAPI.DLL
0x00007ffe4b3d0000 - 0x00007ffe4b3d9000 	C:\WINDOWS\SYSTEM32\WSOCK32.dll
0x00007ffe4c9f0000 - 0x00007ffe4ca17000 	C:\WINDOWS\SYSTEM32\WINMM.dll
0x00007ffe64790000 - 0x00007ffe647fb000 	C:\WINDOWS\System32\WS2_32.dll
0x00007ffe61e10000 - 0x00007ffe61e1a000 	C:\WINDOWS\SYSTEM32\VERSION.dll
0x00007ffe61f10000 - 0x00007ffe61f22000 	C:\WINDOWS\SYSTEM32\kernel.appcore.dll
0x00007ffe5afc0000 - 0x00007ffe5afd1000 	C:\Program Files\Android\Android Studio\jre\bin\verify.dll
0x00007ffe60970000 - 0x00007ffe60b54000 	C:\WINDOWS\SYSTEM32\DBGHELP.DLL
0x00007ffe4b600000 - 0x00007ffe4b62c000 	C:\WINDOWS\SYSTEM32\dbgcore.DLL
0x00007ffe63dc0000 - 0x00007ffe63e42000 	C:\WINDOWS\System32\bcryptPrimitives.dll
0x00007ffe52fe0000 - 0x00007ffe53009000 	C:\Program Files\Android\Android Studio\jre\bin\java.dll
0x00007ffe55cc0000 - 0x00007ffe55ccb000 	C:\Program Files\Android\Android Studio\jre\bin\jimage.dll
0x00007ffe55670000 - 0x00007ffe55688000 	C:\Program Files\Android\Android Studio\jre\bin\zip.dll
0x00007ffe654f0000 - 0x00007ffe65c34000 	C:\WINDOWS\System32\SHELL32.dll
0x00007ffe61450000 - 0x00007ffe61be4000 	C:\WINDOWS\SYSTEM32\windows.storage.dll
0x00007ffe64a40000 - 0x00007ffe64d94000 	C:\WINDOWS\System32\combase.dll
0x00007ffe63080000 - 0x00007ffe630ac000 	C:\WINDOWS\SYSTEM32\Wldp.dll
0x00007ffe65130000 - 0x00007ffe651dd000 	C:\WINDOWS\System32\SHCORE.dll
0x00007ffe64f40000 - 0x00007ffe64f95000 	C:\WINDOWS\System32\shlwapi.dll
0x00007ffe63550000 - 0x00007ffe6356f000 	C:\WINDOWS\SYSTEM32\profapi.dll
0x00007ffe53b30000 - 0x00007ffe53b4a000 	C:\Program Files\Android\Android Studio\jre\bin\net.dll
0x00007ffe61c00000 - 0x00007ffe61d0a000 	C:\WINDOWS\SYSTEM32\WINHTTP.dll
0x00007ffe62de0000 - 0x00007ffe62e4a000 	C:\WINDOWS\system32\mswsock.dll
0x00007ffe518c0000 - 0x00007ffe518d4000 	C:\Program Files\Android\Android Studio\jre\bin\nio.dll
0x00007ffe5dd30000 - 0x00007ffe5dd57000 	C:\Users\Mein Notebook\.gradle\native\e1d6ef7f7dcc3fd88c89a11ec53ec762bb8ba0a96d01ffa2cd45eb1d1d8dd5c5\windows-amd64\native-platform.dll
0x00007ffe2f840000 - 0x00007ffe2f984000 	C:\Users\Mein Notebook\.gradle\native\5664cfc778a61ccfe75a443a1ab52a65af34e5dc3c78e0209fed803814484fcb\windows-amd64\native-platform-file-events.dll
0x00007ffe5e870000 - 0x00007ffe5e87a000 	C:\Program Files\Android\Android Studio\jre\bin\management.dll
0x00007ffe5e0d0000 - 0x00007ffe5e0dd000 	C:\Program Files\Android\Android Studio\jre\bin\management_ext.dll
0x00007ffe62fd0000 - 0x00007ffe62fe8000 	C:\WINDOWS\SYSTEM32\CRYPTSP.dll
0x00007ffe626f0000 - 0x00007ffe62724000 	C:\WINDOWS\system32\rsaenh.dll
0x00007ffe63e50000 - 0x00007ffe63e77000 	C:\WINDOWS\System32\bcrypt.dll
0x00007ffe63510000 - 0x00007ffe6353e000 	C:\WINDOWS\SYSTEM32\USERENV.dll
0x00007ffe62ff0000 - 0x00007ffe62ffc000 	C:\WINDOWS\SYSTEM32\CRYPTBASE.dll
0x00007ffe62a80000 - 0x00007ffe62abb000 	C:\WINDOWS\SYSTEM32\IPHLPAPI.DLL
0x00007ffe65000000 - 0x00007ffe65008000 	C:\WINDOWS\System32\NSI.dll
0x00007ffe5b590000 - 0x00007ffe5b5a7000 	C:\WINDOWS\SYSTEM32\dhcpcsvc6.DLL
0x00007ffe5b400000 - 0x00007ffe5b41d000 	C:\WINDOWS\SYSTEM32\dhcpcsvc.DLL
0x00007ffe62ac0000 - 0x00007ffe62b8b000 	C:\WINDOWS\SYSTEM32\DNSAPI.dll

dbghelp: loaded successfully - version: 4.0.5 - missing functions: none
symbol engine: initialized successfully - sym options: 0x614 - pdb path: .;C:\Program Files\Android\Android Studio\jre\bin;C:\WINDOWS\SYSTEM32;C:\WINDOWS\WinSxS\amd64_microsoft.windows.common-controls_6595b64144ccf1df_6.0.19041.1110_none_60b5254171f9507e;C:\Program Files\Android\Android Studio\jre\bin\server;C:\Users\Mein Notebook\.gradle\native\e1d6ef7f7dcc3fd88c89a11ec53ec762bb8ba0a96d01ffa2cd45eb1d1d8dd5c5\windows-amd64;C:\Users\Mein Notebook\.gradle\native\5664cfc778a61ccfe75a443a1ab52a65af34e5dc3c78e0209fed803814484fcb\windows-amd64

VM Arguments:
jvm_args: --add-opens=java.base/java.util=ALL-UNNAMED --add-opens=java.base/java.lang=ALL-UNNAMED --add-opens=java.base/java.lang.invoke=ALL-UNNAMED --add-opens=java.base/java.util=ALL-UNNAMED --add-opens=java.prefs/java.util.prefs=ALL-UNNAMED --add-opens=java.prefs/java.util.prefs=ALL-UNNAMED --add-opens=java.base/java.nio.charset=ALL-UNNAMED --add-opens=java.base/java.net=ALL-UNNAMED --add-opens=java.base/java.util.concurrent.atomic=ALL-UNNAMED -Xmx2048m -Dfile.encoding=UTF-8 -Duser.country=DE -Duser.language=de -Duser.variant 
java_command: org.gradle.launcher.daemon.bootstrap.GradleDaemon 7.2
java_class_path (initial): C:\Users\Mein Notebook\.gradle\wrapper\dists\gradle-7.2-bin\2dnblmf4td7x66yl1d74lt32g\gradle-7.2\lib\gradle-launcher-7.2.jar
Launcher Type: SUN_STANDARD

[Global flags]
     intx CICompilerCount                          = 3                                         {product} {ergonomic}
     uint ConcGCThreads                            = 1                                         {product} {ergonomic}
     uint G1ConcRefinementThreads                  = 4                                         {product} {ergonomic}
   size_t G1HeapRegionSize                         = 1048576                                   {product} {ergonomic}
    uintx GCDrainStackTargetSize                   = 64                                        {product} {ergonomic}
   size_t InitialHeapSize                          = 134217728                                 {product} {ergonomic}
   size_t MarkStackSize                            = 4194304                                   {product} {ergonomic}
   size_t MaxHeapSize                              = 2147483648                                {product} {command line}
   size_t MaxNewSize                               = 1287651328                                {product} {ergonomic}
   size_t MinHeapDeltaBytes                        = 1048576                                   {product} {ergonomic}
    uintx NonNMethodCodeHeapSize                   = 5830732                                {pd product} {ergonomic}
    uintx NonProfiledCodeHeapSize                  = 122913754                              {pd product} {ergonomic}
    uintx ProfiledCodeHeapSize                     = 122913754                              {pd product} {ergonomic}
    uintx ReservedCodeCacheSize                    = 251658240                              {pd product} {ergonomic}
     bool SegmentedCodeCache                       = true                                      {product} {ergonomic}
     bool UseCompressedClassPointers               = true                                 {lp64_product} {ergonomic}
     bool UseCompressedOops                        = true                                 {lp64_product} {ergonomic}
     bool UseG1GC                                  = true                                      {product} {ergonomic}
     bool UseLargePagesIndividualAllocation        = false                                  {pd product} {ergonomic}

Logging:
Log output configuration:
 #0: stdout all=warning uptime,level,tags
 #1: stderr all=off uptime,level,tags

Environment Variables:
JAVA_HOME=C:\Program Files\Java\jdk-11.0.13
PATH=C:\Program Files\Java\jdk-11.0.13\bin;C:\Program Files\Common Files\Oracle\Java\javapath;C:\WINDOWS\system32;C:\WINDOWS;C:\WINDOWS\System32\Wbem;C:\WINDOWS\System32\WindowsPowerShell\v1.0\;C:\WINDOWS\System32\OpenSSH\;C:\Program Files\Intel\WiFi\bin\;C:\Program Files\Common Files\Intel\WirelessCommon\;C:\Users\Mein Notebook\anaconda3\Lib\site-packages\graphviz;C:\Program Files\Graphviz 2.44.1\bin;C:\Anaconda\Scripts;C:\Anaconda;C:\Program Files\WireGuard\;C:\Program Files\PuTTY\;C:\Program Files\Git\cmd;c:\Program Files (x86)\Intel\Intel(R) Management Engine Components\DAL;c:\Program Files\Intel\Intel(R) Management Engine Components\DAL;C:\Users\Mein Notebook\AppData\Local\Microsoft\WindowsApps;C:\Users\Mein Notebook\AppData\Local\Programs\MiKTeX\miktex\bin\x64\;C:\Users\Mein Notebook\anaconda3\Lib\site-packages\graphviz;C:\Program Files\Graphviz 2.44.1\bin;C:\Anaconda\Scripts;C:\Anaconda;
USERNAME=Mein Notebook
OS=Windows_NT
PROCESSOR_IDENTIFIER=Intel64 Family 6 Model 78 Stepping 3, GenuineIntel



---------------  S Y S T E M  ---------------

OS: Windows 10 , 64 bit Build 19041 (10.0.19041.1645)
OS uptime: 3 days 9:09 hours

CPU:total 4 (initial active 4) (2 cores per cpu, 2 threads per core) family 6 model 78 stepping 3 microcode 0xcc, cmov, cx8, fxsr, mmx, sse, sse2, sse3, ssse3, sse4.1, sse4.2, popcnt, avx, avx2, aes, clmul, erms, rtm, 3dnowpref, lzcnt, ht, tsc, tscinvbit, bmi1, bmi2, adx, fma

Memory: 4k page, system-wide physical 8072M (454M free)
TotalPageFile size 25222M (AvailPageFile size 50M)
current process WorkingSet (physical memory assigned to process): 303M, peak: 303M
current process commit charge ("private bytes"): 356M, peak: 357M

vm_info: OpenJDK 64-Bit Server VM (11.0.11+9-b60-7590822) for windows-amd64 JRE (11.0.11+9-b60-7590822), built on Jul 29 2021 21:43:44 by "builder" with MS VC++ 14.0 (VS2015)

END.
